
==========================================================================
global route report_tns
--------------------------------------------------------------------------
tns 0.00

==========================================================================
global route report_wns
--------------------------------------------------------------------------
wns 0.00

==========================================================================
global route report_worst_slack
--------------------------------------------------------------------------
worst slack 5.67

==========================================================================
global route report_clock_skew
--------------------------------------------------------------------------
Clock clk
   3.09 source latency riscv_pri.CPU_Dmem_value_a5[11][22]$_SDFFE_PP0P_/CLK ^
  -3.01 target latency riscv_pri.CPU_dmem_rd_data_a5[22]$_DFF_P_/CLK ^
   0.57 clock uncertainty
   0.00 CRPR
--------------
   0.66 setup skew


==========================================================================
global route report_checks -path_delay min
--------------------------------------------------------------------------
Startpoint: riscv_pri.CPU_Xreg_value_a4[9][8]$_SDFFE_PP0P_
            (rising edge-triggered flip-flop clocked by clk)
Endpoint: riscv_pri.CPU_src1_value_a3[8]$_DFF_P_
          (rising edge-triggered flip-flop clocked by clk)
Path Group: clk
Path Type: min

Fanout     Cap    Slew   Delay    Time   Description
-----------------------------------------------------------------------------
                          0.00    0.00   clock clk (rise edge)
                          2.00    2.00   clock source latency
     2    0.23    0.00    0.00    2.00 ^ avsdpll/CLK (avsdpll)
                                         clk_pri (net)
                  0.04    0.02    2.02 ^ clkbuf_0_clk_pri/A (sky130_fd_sc_hd__clkbuf_16)
     4    0.20    0.21    0.25    2.27 ^ clkbuf_0_clk_pri/X (sky130_fd_sc_hd__clkbuf_16)
                                         clknet_0_clk_pri (net)
                  0.21    0.01    2.27 ^ clkbuf_2_1_0_clk_pri/A (sky130_fd_sc_hd__clkbuf_16)
     4    0.15    0.16    0.27    2.55 ^ clkbuf_2_1_0_clk_pri/X (sky130_fd_sc_hd__clkbuf_16)
                                         clknet_2_1_0_clk_pri (net)
                  0.16    0.01    2.55 ^ clkbuf_4_4__f_clk_pri/A (sky130_fd_sc_hd__clkbuf_16)
    12    0.21    0.22    0.30    2.85 ^ clkbuf_4_4__f_clk_pri/X (sky130_fd_sc_hd__clkbuf_16)
                                         clknet_4_4__leaf_clk_pri (net)
                  0.22    0.00    2.86 ^ clkbuf_leaf_143_clk_pri/A (sky130_fd_sc_hd__clkbuf_16)
     8    0.04    0.06    0.20    3.06 ^ clkbuf_leaf_143_clk_pri/X (sky130_fd_sc_hd__clkbuf_16)
                                         clknet_leaf_143_clk_pri (net)
                  0.06    0.00    3.06 ^ riscv_pri.CPU_Xreg_value_a4[9][8]$_SDFFE_PP0P_/CLK (sky130_fd_sc_hd__dfxtp_1)
     2    0.01    0.06    0.32    3.38 ^ riscv_pri.CPU_Xreg_value_a4[9][8]$_SDFFE_PP0P_/Q (sky130_fd_sc_hd__dfxtp_1)
                                         riscv_pri.CPU_Xreg_value_a4[9][8] (net)
                  0.06    0.00    3.38 ^ _10554_/B2 (sky130_fd_sc_hd__a221oi_1)
     1    0.01    0.05    0.09    3.47 v _10554_/Y (sky130_fd_sc_hd__a221oi_1)
                                         _04641_ (net)
                  0.05    0.00    3.47 v _10557_/A (sky130_fd_sc_hd__nand3_1)
     1    0.01    0.14    0.13    3.60 ^ _10557_/Y (sky130_fd_sc_hd__nand3_1)
                                         _04644_ (net)
                  0.14    0.00    3.60 ^ _10558_/B2 (sky130_fd_sc_hd__o22ai_4)
     1    0.04    0.11    0.14    3.74 v _10558_/Y (sky130_fd_sc_hd__o22ai_4)
                                         _04645_ (net)
                  0.11    0.01    3.75 v _10560_/A2 (sky130_fd_sc_hd__o21ai_0)
     1    0.00    0.09    0.20    3.95 ^ _10560_/Y (sky130_fd_sc_hd__o21ai_0)
                                         riscv_pri.CPU_src1_value_a2[8] (net)
                  0.09    0.00    3.95 ^ riscv_pri.CPU_src1_value_a3[8]$_DFF_P_/D (sky130_fd_sc_hd__dfxtp_1)
                                  3.95   data arrival time

                          0.00    0.00   clock clk (rise edge)
                          2.00    2.00   clock source latency
     2    0.23    0.00    0.00    2.00 ^ avsdpll/CLK (avsdpll)
                                         clk_pri (net)
                  0.04    0.02    2.02 ^ clkbuf_0_clk_pri/A (sky130_fd_sc_hd__clkbuf_16)
     4    0.20    0.21    0.25    2.27 ^ clkbuf_0_clk_pri/X (sky130_fd_sc_hd__clkbuf_16)
                                         clknet_0_clk_pri (net)
                  0.21    0.01    2.27 ^ clkbuf_2_1_0_clk_pri/A (sky130_fd_sc_hd__clkbuf_16)
     4    0.15    0.16    0.27    2.55 ^ clkbuf_2_1_0_clk_pri/X (sky130_fd_sc_hd__clkbuf_16)
                                         clknet_2_1_0_clk_pri (net)
                  0.16    0.00    2.55 ^ clkbuf_4_6__f_clk_pri/A (sky130_fd_sc_hd__clkbuf_16)
    12    0.20    0.21    0.30    2.85 ^ clkbuf_4_6__f_clk_pri/X (sky130_fd_sc_hd__clkbuf_16)
                                         clknet_4_6__leaf_clk_pri (net)
                  0.21    0.00    2.85 ^ clkbuf_leaf_99_clk_pri/A (sky130_fd_sc_hd__clkbuf_16)
     8    0.05    0.07    0.20    3.05 ^ clkbuf_leaf_99_clk_pri/X (sky130_fd_sc_hd__clkbuf_16)
                                         clknet_leaf_99_clk_pri (net)
                  0.07    0.00    3.06 ^ riscv_pri.CPU_src1_value_a3[8]$_DFF_P_/CLK (sky130_fd_sc_hd__dfxtp_1)
                          0.92    3.98   clock uncertainty
                          0.00    3.98   clock reconvergence pessimism
                         -0.04    3.94   library hold time
                                  3.94   data required time
-----------------------------------------------------------------------------
                                  3.94   data required time
                                 -3.95   data arrival time
-----------------------------------------------------------------------------
                                  0.01   slack (MET)



==========================================================================
global route report_checks -path_delay max
--------------------------------------------------------------------------
Startpoint: riscv_pri.CPU_imm_a3[30]$_DFF_P_
            (rising edge-triggered flip-flop clocked by clk)
Endpoint: riscv_pri.CPU_Xreg_value_a4[11][30]$_SDFFE_PP0P_
          (rising edge-triggered flip-flop clocked by clk)
Path Group: clk
Path Type: max

Fanout     Cap    Slew   Delay    Time   Description
-----------------------------------------------------------------------------
                          0.00    0.00   clock clk (rise edge)
                          2.00    2.00   clock source latency
     2    0.23    0.00    0.00    2.00 ^ avsdpll/CLK (avsdpll)
                                         clk_pri (net)
                  0.04    0.02    2.02 ^ clkbuf_0_clk_pri/A (sky130_fd_sc_hd__clkbuf_16)
     4    0.20    0.21    0.25    2.27 ^ clkbuf_0_clk_pri/X (sky130_fd_sc_hd__clkbuf_16)
                                         clknet_0_clk_pri (net)
                  0.21    0.01    2.27 ^ clkbuf_2_2_0_clk_pri/A (sky130_fd_sc_hd__clkbuf_16)
     4    0.14    0.16    0.27    2.54 ^ clkbuf_2_2_0_clk_pri/X (sky130_fd_sc_hd__clkbuf_16)
                                         clknet_2_2_0_clk_pri (net)
                  0.16    0.00    2.54 ^ clkbuf_4_9__f_clk_pri/A (sky130_fd_sc_hd__clkbuf_16)
     9    0.18    0.19    0.28    2.82 ^ clkbuf_4_9__f_clk_pri/X (sky130_fd_sc_hd__clkbuf_16)
                                         clknet_4_9__leaf_clk_pri (net)
                  0.19    0.00    2.83 ^ clkbuf_leaf_40_clk_pri/A (sky130_fd_sc_hd__clkbuf_16)
     8    0.04    0.06    0.19    3.01 ^ clkbuf_leaf_40_clk_pri/X (sky130_fd_sc_hd__clkbuf_16)
                                         clknet_leaf_40_clk_pri (net)
                  0.06    0.00    3.01 ^ riscv_pri.CPU_imm_a3[30]$_DFF_P_/CLK (sky130_fd_sc_hd__dfxtp_4)
    51    0.43    1.18    1.12    4.13 ^ riscv_pri.CPU_imm_a3[30]$_DFF_P_/Q (sky130_fd_sc_hd__dfxtp_4)
                                         riscv_pri.CPU_imm_a3[10] (net)
                  1.18    0.03    4.16 ^ _11532_/B (sky130_fd_sc_hd__ha_2)
     6    0.03    0.11    0.55    4.71 v _11532_/SUM (sky130_fd_sc_hd__ha_2)
                                         _05641_ (net)
                  0.11    0.00    4.71 v _07986_/C (sky130_fd_sc_hd__nor3_2)
     3    0.02    0.36    0.31    5.02 ^ _07986_/Y (sky130_fd_sc_hd__nor3_2)
                                         _02614_ (net)
                  0.36    0.00    5.02 ^ _07988_/A (sky130_fd_sc_hd__nand2_2)
     2    0.02    0.15    0.17    5.19 v _07988_/Y (sky130_fd_sc_hd__nand2_2)
                                         _02616_ (net)
                  0.15    0.00    5.19 v _07992_/A2 (sky130_fd_sc_hd__a21oi_4)
     2    0.03    0.22    0.27    5.46 ^ _07992_/Y (sky130_fd_sc_hd__a21oi_4)
                                         _02620_ (net)
                  0.22    0.00    5.47 ^ _08110_/A1 (sky130_fd_sc_hd__o21ai_2)
     4    0.02    0.15    0.16    5.62 v _08110_/Y (sky130_fd_sc_hd__o21ai_2)
                                         _02734_ (net)
                  0.15    0.00    5.62 v _08312_/A1 (sky130_fd_sc_hd__a21oi_4)
     3    0.02    0.20    0.24    5.86 ^ _08312_/Y (sky130_fd_sc_hd__a21oi_4)
                                         _02927_ (net)
                  0.20    0.00    5.86 ^ _08525_/A1 (sky130_fd_sc_hd__o211ai_1)
     2    0.01    0.15    0.17    6.03 v _08525_/Y (sky130_fd_sc_hd__o211ai_1)
                                         _03130_ (net)
                  0.15    0.00    6.03 v _08529_/B (sky130_fd_sc_hd__and3_1)
     1    0.01    0.08    0.25    6.28 v _08529_/X (sky130_fd_sc_hd__and3_1)
                                         _03134_ (net)
                  0.08    0.00    6.28 v _08544_/B (sky130_fd_sc_hd__nor3_4)
    17    0.13    1.24    0.97    7.26 ^ _08544_/Y (sky130_fd_sc_hd__nor3_4)
                                         _03149_ (net)
                  1.24    0.04    7.29 ^ _08748_/B2 (sky130_fd_sc_hd__o221ai_1)
     1    0.01    0.23    0.26    7.55 v _08748_/Y (sky130_fd_sc_hd__o221ai_1)
                                         _00599_ (net)
                  0.23    0.00    7.55 v hold1504/A (sky130_fd_sc_hd__dlygate4sd3_1)
     1    0.00    0.06    0.65    8.20 v hold1504/X (sky130_fd_sc_hd__dlygate4sd3_1)
                                         net1755 (net)
                  0.06    0.00    8.20 v riscv_pri.CPU_Xreg_value_a4[11][30]$_SDFFE_PP0P_/D (sky130_fd_sc_hd__dfxtp_1)
                                  8.20   data arrival time

                         11.50   11.50   clock clk (rise edge)
                          2.00   13.50   clock source latency
     2    0.23    0.00    0.00   13.50 ^ avsdpll/CLK (avsdpll)
                                         clk_pri (net)
                  0.04    0.02   13.52 ^ clkbuf_0_clk_pri/A (sky130_fd_sc_hd__clkbuf_16)
     4    0.20    0.21    0.25   13.77 ^ clkbuf_0_clk_pri/X (sky130_fd_sc_hd__clkbuf_16)
                                         clknet_0_clk_pri (net)
                  0.21    0.01   13.77 ^ clkbuf_2_1_0_clk_pri/A (sky130_fd_sc_hd__clkbuf_16)
     4    0.15    0.16    0.27   14.05 ^ clkbuf_2_1_0_clk_pri/X (sky130_fd_sc_hd__clkbuf_16)
                                         clknet_2_1_0_clk_pri (net)
                  0.16    0.00   14.05 ^ clkbuf_4_6__f_clk_pri/A (sky130_fd_sc_hd__clkbuf_16)
    12    0.20    0.21    0.30   14.35 ^ clkbuf_4_6__f_clk_pri/X (sky130_fd_sc_hd__clkbuf_16)
                                         clknet_4_6__leaf_clk_pri (net)
                  0.21    0.00   14.35 ^ clkbuf_leaf_146_clk_pri/A (sky130_fd_sc_hd__clkbuf_16)
     9    0.04    0.06    0.20   14.55 ^ clkbuf_leaf_146_clk_pri/X (sky130_fd_sc_hd__clkbuf_16)
                                         clknet_leaf_146_clk_pri (net)
                  0.06    0.00   14.55 ^ riscv_pri.CPU_Xreg_value_a4[11][30]$_SDFFE_PP0P_/CLK (sky130_fd_sc_hd__dfxtp_1)
                         -0.57   13.98   clock uncertainty
                          0.00   13.98   clock reconvergence pessimism
                         -0.11   13.86   library setup time
                                 13.86   data required time
-----------------------------------------------------------------------------
                                 13.86   data required time
                                 -8.20   data arrival time
-----------------------------------------------------------------------------
                                  5.67   slack (MET)



==========================================================================
global route report_checks -unconstrained
--------------------------------------------------------------------------
Startpoint: riscv_pri.CPU_imm_a3[30]$_DFF_P_
            (rising edge-triggered flip-flop clocked by clk)
Endpoint: riscv_pri.CPU_Xreg_value_a4[11][30]$_SDFFE_PP0P_
          (rising edge-triggered flip-flop clocked by clk)
Path Group: clk
Path Type: max

Fanout     Cap    Slew   Delay    Time   Description
-----------------------------------------------------------------------------
                          0.00    0.00   clock clk (rise edge)
                          2.00    2.00   clock source latency
     2    0.23    0.00    0.00    2.00 ^ avsdpll/CLK (avsdpll)
                                         clk_pri (net)
                  0.04    0.02    2.02 ^ clkbuf_0_clk_pri/A (sky130_fd_sc_hd__clkbuf_16)
     4    0.20    0.21    0.25    2.27 ^ clkbuf_0_clk_pri/X (sky130_fd_sc_hd__clkbuf_16)
                                         clknet_0_clk_pri (net)
                  0.21    0.01    2.27 ^ clkbuf_2_2_0_clk_pri/A (sky130_fd_sc_hd__clkbuf_16)
     4    0.14    0.16    0.27    2.54 ^ clkbuf_2_2_0_clk_pri/X (sky130_fd_sc_hd__clkbuf_16)
                                         clknet_2_2_0_clk_pri (net)
                  0.16    0.00    2.54 ^ clkbuf_4_9__f_clk_pri/A (sky130_fd_sc_hd__clkbuf_16)
     9    0.18    0.19    0.28    2.82 ^ clkbuf_4_9__f_clk_pri/X (sky130_fd_sc_hd__clkbuf_16)
                                         clknet_4_9__leaf_clk_pri (net)
                  0.19    0.00    2.83 ^ clkbuf_leaf_40_clk_pri/A (sky130_fd_sc_hd__clkbuf_16)
     8    0.04    0.06    0.19    3.01 ^ clkbuf_leaf_40_clk_pri/X (sky130_fd_sc_hd__clkbuf_16)
                                         clknet_leaf_40_clk_pri (net)
                  0.06    0.00    3.01 ^ riscv_pri.CPU_imm_a3[30]$_DFF_P_/CLK (sky130_fd_sc_hd__dfxtp_4)
    51    0.43    1.18    1.12    4.13 ^ riscv_pri.CPU_imm_a3[30]$_DFF_P_/Q (sky130_fd_sc_hd__dfxtp_4)
                                         riscv_pri.CPU_imm_a3[10] (net)
                  1.18    0.03    4.16 ^ _11532_/B (sky130_fd_sc_hd__ha_2)
     6    0.03    0.11    0.55    4.71 v _11532_/SUM (sky130_fd_sc_hd__ha_2)
                                         _05641_ (net)
                  0.11    0.00    4.71 v _07986_/C (sky130_fd_sc_hd__nor3_2)
     3    0.02    0.36    0.31    5.02 ^ _07986_/Y (sky130_fd_sc_hd__nor3_2)
                                         _02614_ (net)
                  0.36    0.00    5.02 ^ _07988_/A (sky130_fd_sc_hd__nand2_2)
     2    0.02    0.15    0.17    5.19 v _07988_/Y (sky130_fd_sc_hd__nand2_2)
                                         _02616_ (net)
                  0.15    0.00    5.19 v _07992_/A2 (sky130_fd_sc_hd__a21oi_4)
     2    0.03    0.22    0.27    5.46 ^ _07992_/Y (sky130_fd_sc_hd__a21oi_4)
                                         _02620_ (net)
                  0.22    0.00    5.47 ^ _08110_/A1 (sky130_fd_sc_hd__o21ai_2)
     4    0.02    0.15    0.16    5.62 v _08110_/Y (sky130_fd_sc_hd__o21ai_2)
                                         _02734_ (net)
                  0.15    0.00    5.62 v _08312_/A1 (sky130_fd_sc_hd__a21oi_4)
     3    0.02    0.20    0.24    5.86 ^ _08312_/Y (sky130_fd_sc_hd__a21oi_4)
                                         _02927_ (net)
                  0.20    0.00    5.86 ^ _08525_/A1 (sky130_fd_sc_hd__o211ai_1)
     2    0.01    0.15    0.17    6.03 v _08525_/Y (sky130_fd_sc_hd__o211ai_1)
                                         _03130_ (net)
                  0.15    0.00    6.03 v _08529_/B (sky130_fd_sc_hd__and3_1)
     1    0.01    0.08    0.25    6.28 v _08529_/X (sky130_fd_sc_hd__and3_1)
                                         _03134_ (net)
                  0.08    0.00    6.28 v _08544_/B (sky130_fd_sc_hd__nor3_4)
    17    0.13    1.24    0.97    7.26 ^ _08544_/Y (sky130_fd_sc_hd__nor3_4)
                                         _03149_ (net)
                  1.24    0.04    7.29 ^ _08748_/B2 (sky130_fd_sc_hd__o221ai_1)
     1    0.01    0.23    0.26    7.55 v _08748_/Y (sky130_fd_sc_hd__o221ai_1)
                                         _00599_ (net)
                  0.23    0.00    7.55 v hold1504/A (sky130_fd_sc_hd__dlygate4sd3_1)
     1    0.00    0.06    0.65    8.20 v hold1504/X (sky130_fd_sc_hd__dlygate4sd3_1)
                                         net1755 (net)
                  0.06    0.00    8.20 v riscv_pri.CPU_Xreg_value_a4[11][30]$_SDFFE_PP0P_/D (sky130_fd_sc_hd__dfxtp_1)
                                  8.20   data arrival time

                         11.50   11.50   clock clk (rise edge)
                          2.00   13.50   clock source latency
     2    0.23    0.00    0.00   13.50 ^ avsdpll/CLK (avsdpll)
                                         clk_pri (net)
                  0.04    0.02   13.52 ^ clkbuf_0_clk_pri/A (sky130_fd_sc_hd__clkbuf_16)
     4    0.20    0.21    0.25   13.77 ^ clkbuf_0_clk_pri/X (sky130_fd_sc_hd__clkbuf_16)
                                         clknet_0_clk_pri (net)
                  0.21    0.01   13.77 ^ clkbuf_2_1_0_clk_pri/A (sky130_fd_sc_hd__clkbuf_16)
     4    0.15    0.16    0.27   14.05 ^ clkbuf_2_1_0_clk_pri/X (sky130_fd_sc_hd__clkbuf_16)
                                         clknet_2_1_0_clk_pri (net)
                  0.16    0.00   14.05 ^ clkbuf_4_6__f_clk_pri/A (sky130_fd_sc_hd__clkbuf_16)
    12    0.20    0.21    0.30   14.35 ^ clkbuf_4_6__f_clk_pri/X (sky130_fd_sc_hd__clkbuf_16)
                                         clknet_4_6__leaf_clk_pri (net)
                  0.21    0.00   14.35 ^ clkbuf_leaf_146_clk_pri/A (sky130_fd_sc_hd__clkbuf_16)
     9    0.04    0.06    0.20   14.55 ^ clkbuf_leaf_146_clk_pri/X (sky130_fd_sc_hd__clkbuf_16)
                                         clknet_leaf_146_clk_pri (net)
                  0.06    0.00   14.55 ^ riscv_pri.CPU_Xreg_value_a4[11][30]$_SDFFE_PP0P_/CLK (sky130_fd_sc_hd__dfxtp_1)
                         -0.57   13.98   clock uncertainty
                          0.00   13.98   clock reconvergence pessimism
                         -0.11   13.86   library setup time
                                 13.86   data required time
-----------------------------------------------------------------------------
                                 13.86   data required time
                                 -8.20   data arrival time
-----------------------------------------------------------------------------
                                  5.67   slack (MET)



==========================================================================
global route report_check_types -max_slew -max_cap -max_fanout -violators
--------------------------------------------------------------------------

==========================================================================
global route max_slew_check_slack
--------------------------------------------------------------------------
0.051913365721702576

==========================================================================
global route max_slew_check_limit
--------------------------------------------------------------------------
1.5

==========================================================================
global route max_slew_check_slack_limit
--------------------------------------------------------------------------
0.0346

==========================================================================
global route max_fanout_check_slack
--------------------------------------------------------------------------
1.0000000150474662e+30

==========================================================================
global route max_fanout_check_limit
--------------------------------------------------------------------------
1.0000000150474662e+30

==========================================================================
global route max_capacitance_check_slack
--------------------------------------------------------------------------
0.01552768424153328

==========================================================================
global route max_capacitance_check_limit
--------------------------------------------------------------------------
0.021067000925540924

==========================================================================
global route max_capacitance_check_slack_limit
--------------------------------------------------------------------------
0.7371

==========================================================================
global route max_slew_violation_count
--------------------------------------------------------------------------
max slew violation count 0

==========================================================================
global route max_fanout_violation_count
--------------------------------------------------------------------------
max fanout violation count 0

==========================================================================
global route max_cap_violation_count
--------------------------------------------------------------------------
max cap violation count 0

==========================================================================
global route setup_violation_count
--------------------------------------------------------------------------
setup violation count 0

==========================================================================
global route hold_violation_count
--------------------------------------------------------------------------
hold violation count 0

==========================================================================
global route report_checks -path_delay max reg to reg
--------------------------------------------------------------------------
Startpoint: riscv_pri.CPU_imm_a3[30]$_DFF_P_
            (rising edge-triggered flip-flop clocked by clk)
Endpoint: riscv_pri.CPU_Xreg_value_a4[11][30]$_SDFFE_PP0P_
          (rising edge-triggered flip-flop clocked by clk)
Path Group: clk
Path Type: max

  Delay    Time   Description
---------------------------------------------------------
   0.00    0.00   clock clk (rise edge)
   2.00    2.00   clock source latency
   0.00    2.00 ^ avsdpll/CLK (avsdpll)
   0.27    2.27 ^ clkbuf_0_clk_pri/X (sky130_fd_sc_hd__clkbuf_16)
   0.27    2.54 ^ clkbuf_2_2_0_clk_pri/X (sky130_fd_sc_hd__clkbuf_16)
   0.28    2.82 ^ clkbuf_4_9__f_clk_pri/X (sky130_fd_sc_hd__clkbuf_16)
   0.19    3.01 ^ clkbuf_leaf_40_clk_pri/X (sky130_fd_sc_hd__clkbuf_16)
   0.00    3.01 ^ riscv_pri.CPU_imm_a3[30]$_DFF_P_/CLK (sky130_fd_sc_hd__dfxtp_4)
   1.12    4.13 ^ riscv_pri.CPU_imm_a3[30]$_DFF_P_/Q (sky130_fd_sc_hd__dfxtp_4)
   0.58    4.71 v _11532_/SUM (sky130_fd_sc_hd__ha_2)
   0.31    5.02 ^ _07986_/Y (sky130_fd_sc_hd__nor3_2)
   0.17    5.19 v _07988_/Y (sky130_fd_sc_hd__nand2_2)
   0.27    5.46 ^ _07992_/Y (sky130_fd_sc_hd__a21oi_4)
   0.16    5.62 v _08110_/Y (sky130_fd_sc_hd__o21ai_2)
   0.24    5.86 ^ _08312_/Y (sky130_fd_sc_hd__a21oi_4)
   0.17    6.03 v _08525_/Y (sky130_fd_sc_hd__o211ai_1)
   0.25    6.28 v _08529_/X (sky130_fd_sc_hd__and3_1)
   0.97    7.26 ^ _08544_/Y (sky130_fd_sc_hd__nor3_4)
   0.29    7.55 v _08748_/Y (sky130_fd_sc_hd__o221ai_1)
   0.65    8.20 v hold1504/X (sky130_fd_sc_hd__dlygate4sd3_1)
   0.00    8.20 v riscv_pri.CPU_Xreg_value_a4[11][30]$_SDFFE_PP0P_/D (sky130_fd_sc_hd__dfxtp_1)
           8.20   data arrival time

  11.50   11.50   clock clk (rise edge)
   2.00   13.50   clock source latency
   0.00   13.50 ^ avsdpll/CLK (avsdpll)
   0.27   13.77 ^ clkbuf_0_clk_pri/X (sky130_fd_sc_hd__clkbuf_16)
   0.28   14.05 ^ clkbuf_2_1_0_clk_pri/X (sky130_fd_sc_hd__clkbuf_16)
   0.30   14.35 ^ clkbuf_4_6__f_clk_pri/X (sky130_fd_sc_hd__clkbuf_16)
   0.20   14.55 ^ clkbuf_leaf_146_clk_pri/X (sky130_fd_sc_hd__clkbuf_16)
   0.00   14.55 ^ riscv_pri.CPU_Xreg_value_a4[11][30]$_SDFFE_PP0P_/CLK (sky130_fd_sc_hd__dfxtp_1)
  -0.57   13.98   clock uncertainty
   0.00   13.98   clock reconvergence pessimism
  -0.11   13.86   library setup time
          13.86   data required time
---------------------------------------------------------
          13.86   data required time
          -8.20   data arrival time
---------------------------------------------------------
           5.67   slack (MET)



==========================================================================
global route report_checks -path_delay min reg to reg
--------------------------------------------------------------------------
Startpoint: riscv_pri.CPU_Xreg_value_a4[9][8]$_SDFFE_PP0P_
            (rising edge-triggered flip-flop clocked by clk)
Endpoint: riscv_pri.CPU_src1_value_a3[8]$_DFF_P_
          (rising edge-triggered flip-flop clocked by clk)
Path Group: clk
Path Type: min

  Delay    Time   Description
---------------------------------------------------------
   0.00    0.00   clock clk (rise edge)
   2.00    2.00   clock source latency
   0.00    2.00 ^ avsdpll/CLK (avsdpll)
   0.27    2.27 ^ clkbuf_0_clk_pri/X (sky130_fd_sc_hd__clkbuf_16)
   0.28    2.55 ^ clkbuf_2_1_0_clk_pri/X (sky130_fd_sc_hd__clkbuf_16)
   0.31    2.85 ^ clkbuf_4_4__f_clk_pri/X (sky130_fd_sc_hd__clkbuf_16)
   0.20    3.06 ^ clkbuf_leaf_143_clk_pri/X (sky130_fd_sc_hd__clkbuf_16)
   0.00    3.06 ^ riscv_pri.CPU_Xreg_value_a4[9][8]$_SDFFE_PP0P_/CLK (sky130_fd_sc_hd__dfxtp_1)
   0.32    3.38 ^ riscv_pri.CPU_Xreg_value_a4[9][8]$_SDFFE_PP0P_/Q (sky130_fd_sc_hd__dfxtp_1)
   0.09    3.47 v _10554_/Y (sky130_fd_sc_hd__a221oi_1)
   0.13    3.60 ^ _10557_/Y (sky130_fd_sc_hd__nand3_1)
   0.14    3.74 v _10558_/Y (sky130_fd_sc_hd__o22ai_4)
   0.20    3.95 ^ _10560_/Y (sky130_fd_sc_hd__o21ai_0)
   0.00    3.95 ^ riscv_pri.CPU_src1_value_a3[8]$_DFF_P_/D (sky130_fd_sc_hd__dfxtp_1)
           3.95   data arrival time

   0.00    0.00   clock clk (rise edge)
   2.00    2.00   clock source latency
   0.00    2.00 ^ avsdpll/CLK (avsdpll)
   0.27    2.27 ^ clkbuf_0_clk_pri/X (sky130_fd_sc_hd__clkbuf_16)
   0.28    2.55 ^ clkbuf_2_1_0_clk_pri/X (sky130_fd_sc_hd__clkbuf_16)
   0.30    2.85 ^ clkbuf_4_6__f_clk_pri/X (sky130_fd_sc_hd__clkbuf_16)
   0.21    3.05 ^ clkbuf_leaf_99_clk_pri/X (sky130_fd_sc_hd__clkbuf_16)
   0.00    3.06 ^ riscv_pri.CPU_src1_value_a3[8]$_DFF_P_/CLK (sky130_fd_sc_hd__dfxtp_1)
   0.92    3.98   clock uncertainty
   0.00    3.98   clock reconvergence pessimism
  -0.04    3.94   library hold time
           3.94   data required time
---------------------------------------------------------
           3.94   data required time
          -3.95   data arrival time
---------------------------------------------------------
           0.01   slack (MET)



==========================================================================
global route critical path target clock latency max path
--------------------------------------------------------------------------
0

==========================================================================
global route critical path target clock latency min path
--------------------------------------------------------------------------
0

==========================================================================
global route critical path source clock latency min path
--------------------------------------------------------------------------
0

==========================================================================
global route critical path delay
--------------------------------------------------------------------------
8.1954

==========================================================================
global route critical path slack
--------------------------------------------------------------------------
5.6669

==========================================================================
global route slack div critical path delay
--------------------------------------------------------------------------
69.147327

==========================================================================
global route report_power
--------------------------------------------------------------------------
Group                  Internal  Switching    Leakage      Total
                          Power      Power      Power      Power (Watts)
----------------------------------------------------------------
Sequential             4.86e-03   9.43e-04   1.04e-08   5.80e-03  29.6%
Combinational          2.14e-03   4.88e-03   2.41e-08   7.02e-03  35.8%
Clock                  3.66e-03   3.14e-03   3.16e-09   6.80e-03  34.7%
Macro                  0.00e+00   0.00e+00   0.00e+00   0.00e+00   0.0%
Pad                    0.00e+00   0.00e+00   0.00e+00   0.00e+00   0.0%
----------------------------------------------------------------
Total                  1.07e-02   8.96e-03   3.77e-08   1.96e-02 100.0%
                          54.3%      45.7%       0.0%
